2013-02-09 10:28:49.785864	/var/www/ofc/static/logs/sysrun.log	GPUSH
2013-02-09 10:28:51.788581	/var/www/ofc/static/logs/sysrun.log	CMD:	git status
2013-02-09 10:28:53.860607	/var/www/ofc/static/logs/sysrun.log	CMD:	git add .
2013-02-09 10:28:55.909608	/var/www/ofc/static/logs/sysrun.log	CMD:	git commit -m "additional clarification" -a
2013-02-09 10:28:58.025081	/var/www/ofc/static/logs/sysrun.log	CMD:	git push origin master
2013-02-09 10:33:44.275062	/var/www/ofc/static/logs/sysrun.log	GPUSH
2013-02-09 10:33:46.277732	/var/www/ofc/static/logs/sysrun.log	CMD:	git status
2013-02-09 10:33:48.348792	/var/www/ofc/static/logs/sysrun.log	CMD:	git add .
2013-02-09 10:33:50.402699	/var/www/ofc/static/logs/sysrun.log	CMD:	git commit -m "additional clarification" -a
2013-02-09 10:33:52.473674	/var/www/ofc/static/logs/sysrun.log	CMD:	git push origin master
2013-02-09 10:52:32.974947	/var/www/ofc/static/logs/sysrun.log	GPUSH
2013-02-09 10:52:34.976910	/var/www/ofc/static/logs/sysrun.log	CMD:	git status
2013-02-09 10:52:37.048104	/var/www/ofc/static/logs/sysrun.log	CMD:	git add .
2013-02-09 10:52:39.101177	/var/www/ofc/static/logs/sysrun.log	CMD:	git commit -m "added utf8 decode to the boards listing" -a
2013-02-09 10:52:41.211706	/var/www/ofc/static/logs/sysrun.log	CMD:	git push origin master
2013-02-09 14:15:06.607822	/var/www/ofc/static/logs/sysrun.log	GPUSH
2013-02-09 14:15:08.611172	/var/www/ofc/static/logs/sysrun.log	CMD:	git status
2013-02-09 14:15:12.572284	/var/www/ofc/static/logs/sysrun.log	CMD:	git add .
2013-02-09 14:15:14.786474	/var/www/ofc/static/logs/sysrun.log	CMD:	git commit -m "fixed stuff to zero output to server_error.log" -a
2013-02-09 14:15:16.920859	/var/www/ofc/static/logs/sysrun.log	CMD:	git push origin master
2013-02-09 14:27:44.461698	/var/www/ofc/static/logs/sysrun.log	GPUSH
2013-02-09 14:27:46.464390	/var/www/ofc/static/logs/sysrun.log	CMD:	git status
2013-02-09 14:27:48.539253	/var/www/ofc/static/logs/sysrun.log	CMD:	git add .
2013-02-09 14:27:50.606308	/var/www/ofc/static/logs/sysrun.log	CMD:	git commit -m "added file permission management utilities" -a
2013-02-09 14:27:52.718889	/var/www/ofc/static/logs/sysrun.log	CMD:	git push origin master
2013-02-09 14:32:08.782653	/var/www/ofc/static/logs/sysrun.log	GPUSH
2013-02-09 14:32:10.785302	/var/www/ofc/static/logs/sysrun.log	CMD:	git status
2013-02-09 14:32:12.854919	/var/www/ofc/static/logs/sysrun.log	CMD:	git add .
2013-02-09 14:32:14.914998	/var/www/ofc/static/logs/sysrun.log	CMD:	git commit -m "modified tool.set_perms" -a
2013-02-09 14:32:17.026822	/var/www/ofc/static/logs/sysrun.log	CMD:	git push origin master
2013-02-09 14:33:09.592181	/var/www/ofc/static/logs/sysrun.log	GPUSH
2013-02-09 14:33:11.593273	/var/www/ofc/static/logs/sysrun.log	CMD:	git status
2013-02-09 14:33:13.665076	/var/www/ofc/static/logs/sysrun.log	CMD:	git add .
2013-02-09 14:33:15.724068	/var/www/ofc/static/logs/sysrun.log	CMD:	git commit -m "modified tool.set_perms" -a
2013-02-09 14:33:17.800096	/var/www/ofc/static/logs/sysrun.log	CMD:	git push origin master
2013-02-09 14:36:02.767154	/var/www/ofc/static/logs/sysrun.log	GPUSH
2013-02-09 14:36:04.768968	/var/www/ofc/static/logs/sysrun.log	CMD:	git status
2013-02-09 14:36:06.840213	/var/www/ofc/static/logs/sysrun.log	CMD:	git add .
2013-02-09 14:36:08.903511	/var/www/ofc/static/logs/sysrun.log	CMD:	git commit -m "modified tool.set_perms" -a
2013-02-09 14:36:10.997021	/var/www/ofc/static/logs/sysrun.log	CMD:	git push origin master
2013-02-09 14:38:52.041507	/var/www/ofc/static/logs/sysrun.log	GPUSH
2013-02-09 14:38:54.044178	/var/www/ofc/static/logs/sysrun.log	CMD:	git status
2013-02-09 14:38:56.120039	/var/www/ofc/static/logs/sysrun.log	CMD:	git add .
2013-02-09 14:38:58.178390	/var/www/ofc/static/logs/sysrun.log	CMD:	git commit -m "modified tool.set_perms" -a
2013-02-09 14:39:00.252433	/var/www/ofc/static/logs/sysrun.log	CMD:	git push origin master
2013-02-09 14:46:04.185948	/var/www/ofc/static/logs/sysrun.log	GPUSH
2013-02-09 14:46:06.188640	/var/www/ofc/static/logs/sysrun.log	CMD:	git status
2013-02-09 14:46:08.259916	/var/www/ofc/static/logs/sysrun.log	CMD:	git add .
2013-02-09 14:46:10.317091	/var/www/ofc/static/logs/sysrun.log	CMD:	git commit -m "added comments to tool.py" -a
2013-02-09 14:46:12.392108	/var/www/ofc/static/logs/sysrun.log	CMD:	git push origin master
2013-02-09 14:50:27.749151	/var/www/ofc/static/logs/sysrun.log	GPUSH
2013-02-09 14:50:29.751881	/var/www/ofc/static/logs/sysrun.log	CMD:	git status
2013-02-09 14:50:31.831212	/var/www/ofc/static/logs/sysrun.log	CMD:	git add .
2013-02-09 14:50:33.893314	/var/www/ofc/static/logs/sysrun.log	CMD:	git commit -m "edited readme" -a
2013-02-09 14:50:35.995750	/var/www/ofc/static/logs/sysrun.log	CMD:	git push origin master
2013-02-12 02:04:51.691189	/var/www/ofc/static/logs/sysrun.log	GPUSH
2013-02-12 02:04:53.695826	/var/www/ofc/static/logs/sysrun.log	CMD:	git status
2013-02-12 02:04:58.563626	/var/www/ofc/static/logs/sysrun.log	CMD:	git add .
2013-02-12 02:05:00.623934	/var/www/ofc/static/logs/sysrun.log	CMD:	git commit -m "added ids for headings in about and join us" -a
2013-02-12 02:05:02.843553	/var/www/ofc/static/logs/sysrun.log	CMD:	git push origin master
2013-04-02 16:11:44.051822	/var/www/ofc/static/logs/sysrun.log	GPUSH
2013-04-02 16:11:46.054659	/var/www/ofc/static/logs/sysrun.log	CMD:	git status
2013-04-02 16:11:48.962294	/var/www/ofc/static/logs/sysrun.log	CMD:	git add .
2013-04-02 16:11:51.175606	/var/www/ofc/static/logs/sysrun.log	CMD:	git commit -m "updated the README ModLog and did some cleaning" -a
2013-04-02 16:11:53.314814	/var/www/ofc/static/logs/sysrun.log	CMD:	git push origin master
2013-04-02 16:20:30.225096	/var/www/ofc/static/logs/sysrun.log	GPUSH
2013-04-02 16:20:32.226675	/var/www/ofc/static/logs/sysrun.log	CMD:	git status
2013-04-02 16:20:34.298826	/var/www/ofc/static/logs/sysrun.log	CMD:	git add .
2013-04-02 16:20:36.352338	/var/www/ofc/static/logs/sysrun.log	CMD:	git commit -m "fixing a bug" -a
2013-04-02 16:20:38.426038	/var/www/ofc/static/logs/sysrun.log	CMD:	git push origin master
2013-04-02 16:23:47.722297	/var/www/ofc/static/logs/sysrun.log	GPUSH
2013-04-02 16:23:49.724974	/var/www/ofc/static/logs/sysrun.log	CMD:	git status
2013-04-02 16:23:51.793830	/var/www/ofc/static/logs/sysrun.log	CMD:	git add .
2013-04-02 16:23:53.853842	/var/www/ofc/static/logs/sysrun.log	CMD:	git commit -m "fixing a bug" -a
2013-04-02 16:23:55.925443	/var/www/ofc/static/logs/sysrun.log	CMD:	git push origin master
2013-04-02 16:26:49.242856	/var/www/ofc/static/logs/sysrun.log	GPUSH
2013-04-02 16:26:51.245540	/var/www/ofc/static/logs/sysrun.log	CMD:	git status
2013-04-02 16:26:53.324091	/var/www/ofc/static/logs/sysrun.log	CMD:	git add .
2013-04-02 16:26:55.379548	/var/www/ofc/static/logs/sysrun.log	CMD:	git commit -m "fixing a bug" -a
2013-04-02 16:26:57.454180	/var/www/ofc/static/logs/sysrun.log	CMD:	git push origin master
2013-04-02 16:31:49.681744	/var/www/ofc/static/logs/sysrun.log	GPUSH
2013-04-02 16:31:51.684216	/var/www/ofc/static/logs/sysrun.log	CMD:	git status
2013-04-02 16:31:53.761966	/var/www/ofc/static/logs/sysrun.log	CMD:	git add .
2013-04-02 16:31:55.858942	/var/www/ofc/static/logs/sysrun.log	CMD:	git commit -m "fixing a bug" -a
2013-04-02 16:31:57.942838	/var/www/ofc/static/logs/sysrun.log	CMD:	git push origin master
2013-04-02 16:33:07.042694	/var/www/ofc/static/logs/sysrun.log	GPUSH
2013-04-02 16:33:09.045345	/var/www/ofc/static/logs/sysrun.log	CMD:	git status
2013-04-02 16:33:11.125255	/var/www/ofc/static/logs/sysrun.log	CMD:	git add .
2013-04-02 16:33:13.184312	/var/www/ofc/static/logs/sysrun.log	CMD:	git commit -m "fixing a bug" -a
2013-04-02 16:33:15.255467	/var/www/ofc/static/logs/sysrun.log	CMD:	git push origin master
2013-04-02 16:52:47.142944	/var/www/ofc/static/logs/sysrun.log	GPUSH
2013-04-02 16:52:49.162537	/var/www/ofc/static/logs/sysrun.log	CMD:	git status
2013-04-02 16:52:52.174845	/var/www/ofc/static/logs/sysrun.log	CMD:	git add .
2013-04-02 16:52:54.242673	/var/www/ofc/static/logs/sysrun.log	CMD:	git commit -m "fixing a bug" -a
2013-04-02 16:52:56.449149	/var/www/ofc/static/logs/sysrun.log	CMD:	git push origin master
2013-04-02 21:32:15.781443	/var/www/ofc/static/logs/sysrun.log	GPUSH
2013-04-02 21:32:17.784296	/var/www/ofc/static/logs/sysrun.log	CMD:	git status
2013-04-02 21:32:21.780406	/var/www/ofc/static/logs/sysrun.log	CMD:	git add .
2013-04-02 21:32:23.986671	/var/www/ofc/static/logs/sysrun.log	CMD:	git commit -m "fixing a bug" -a
2013-04-02 21:32:26.187981	/var/www/ofc/static/logs/sysrun.log	CMD:	git push origin master
2013-05-28 10:33:47.250208	/var/www/ofc/static/logs/sysrun.log	GPUSH
2013-05-28 10:33:49.267324	/var/www/ofc/static/logs/sysrun.log	CMD:	git status
2013-05-28 10:33:51.981310	/var/www/ofc/static/logs/sysrun.log	CMD:	git add .
2013-05-28 10:33:54.087483	/var/www/ofc/static/logs/sysrun.log	CMD:	git commit -m "updated the rss feed" -a
2013-05-28 10:33:56.378832	/var/www/ofc/static/logs/sysrun.log	CMD:	git push origin master
2013-05-28 10:40:37.036978	/var/www/ofc/static/logs/sysrun.log	GPUSH
2013-05-28 10:40:39.039203	/var/www/ofc/static/logs/sysrun.log	CMD:	git status
2013-05-28 10:40:43.847489	/var/www/ofc/static/logs/sysrun.log	CMD:	git add .
2013-05-28 10:40:45.953686	/var/www/ofc/static/logs/sysrun.log	CMD:	git commit -m "updated the rss feed" -a
2013-05-28 10:40:48.194267	/var/www/ofc/static/logs/sysrun.log	CMD:	git push origin master
2013-05-28 11:22:35.954968	/var/www/ofc/static/logs/sysrun.log	GPUSH
2013-05-28 11:22:37.971579	/var/www/ofc/static/logs/sysrun.log	CMD:	git status
2013-05-28 11:22:43.233398	/var/www/ofc/static/logs/sysrun.log	CMD:	git add .
2013-05-28 11:22:45.303452	/var/www/ofc/static/logs/sysrun.log	CMD:	git commit -m "updated the rss feed" -a
2013-05-28 11:22:47.569234	/var/www/ofc/static/logs/sysrun.log	CMD:	git push origin master
