2013-02-09 10:28:49.785611	GPUSH
2013-02-09 10:28:51.788297	CMD:	git status
2013-02-09 10:28:53.860308	CMD:	git add .
2013-02-09 10:28:55.909293	CMD:	git commit -m "additional clarification" -a
2013-02-09 10:28:58.024781	CMD:	git push origin master
2013-02-09 10:33:44.274752	GPUSH
2013-02-09 10:33:46.277461	CMD:	git status
2013-02-09 10:33:48.348469	CMD:	git add .
2013-02-09 10:33:50.402376	CMD:	git commit -m "additional clarification" -a
2013-02-09 10:33:52.473469	CMD:	git push origin master
2013-02-09 10:52:32.974778	GPUSH
2013-02-09 10:52:34.976642	CMD:	git status
2013-02-09 10:52:37.047802	CMD:	git add .
2013-02-09 10:52:39.100848	CMD:	git commit -m "added utf8 decode to the boards listing" -a
2013-02-09 10:52:41.211397	CMD:	git push origin master
2013-02-09 14:15:06.586620	GPUSH
2013-02-09 14:15:08.610893	CMD:	git status
2013-02-09 14:15:12.571848	CMD:	git add .
2013-02-09 14:15:14.786147	CMD:	git commit -m "fixed stuff to zero output to server_error.log" -a
2013-02-09 14:15:16.920545	CMD:	git push origin master
2013-02-09 14:27:44.461507	GPUSH
2013-02-09 14:27:46.464108	CMD:	git status
2013-02-09 14:27:48.538961	CMD:	git add .
2013-02-09 14:27:50.605996	CMD:	git commit -m "added file permission management utilities" -a
2013-02-09 14:27:52.718588	CMD:	git push origin master
2013-02-09 14:32:08.782445	GPUSH
2013-02-09 14:32:10.785035	CMD:	git status
2013-02-09 14:32:12.854635	CMD:	git add .
2013-02-09 14:32:14.914679	CMD:	git commit -m "modified tool.set_perms" -a
2013-02-09 14:32:17.026514	CMD:	git push origin master
2013-02-09 14:33:09.591984	GPUSH
2013-02-09 14:33:11.593009	CMD:	git status
2013-02-09 14:33:13.664779	CMD:	git add .
2013-02-09 14:33:15.723752	CMD:	git commit -m "modified tool.set_perms" -a
2013-02-09 14:33:17.799794	CMD:	git push origin master
2013-02-09 14:36:02.766873	GPUSH
2013-02-09 14:36:04.768694	CMD:	git status
2013-02-09 14:36:06.839914	CMD:	git add .
2013-02-09 14:36:08.903187	CMD:	git commit -m "modified tool.set_perms" -a
2013-02-09 14:36:10.996717	CMD:	git push origin master
2013-02-09 14:38:52.041321	GPUSH
2013-02-09 14:38:54.043914	CMD:	git status
2013-02-09 14:38:56.119755	CMD:	git add .
2013-02-09 14:38:58.178065	CMD:	git commit -m "modified tool.set_perms" -a
2013-02-09 14:39:00.252122	CMD:	git push origin master
2013-02-09 14:46:04.185637	GPUSH
2013-02-09 14:46:06.188373	CMD:	git status
2013-02-09 14:46:08.259620	CMD:	git add .
2013-02-09 14:46:10.316772	CMD:	git commit -m "added comments to tool.py" -a
2013-02-09 14:46:12.391800	CMD:	git push origin master
2013-02-09 14:50:27.748836	GPUSH
2013-02-09 14:50:29.751604	CMD:	git status
2013-02-09 14:50:31.830908	CMD:	git add .
2013-02-09 14:50:33.892996	CMD:	git commit -m "edited readme" -a
2013-02-09 14:50:35.995438	CMD:	git push origin master
2013-02-12 02:04:51.684640	GPUSH
2013-02-12 02:04:53.695535	CMD:	git status
2013-02-12 02:04:58.563324	CMD:	git add .
2013-02-12 02:05:00.623614	CMD:	git commit -m "added ids for headings in about and join us" -a
2013-02-12 02:05:02.843239	CMD:	git push origin master
2013-04-02 16:11:44.040474	GPUSH
2013-04-02 16:11:46.054384	CMD:	git status
2013-04-02 16:11:48.961955	CMD:	git add .
2013-04-02 16:11:51.175298	CMD:	git commit -m "updated the README ModLog and did some cleaning" -a
2013-04-02 16:11:53.314503	CMD:	git push origin master
2013-04-02 16:20:30.224854	GPUSH
2013-04-02 16:20:32.226403	CMD:	git status
2013-04-02 16:20:34.298524	CMD:	git add .
2013-04-02 16:20:36.352015	CMD:	git commit -m "fixing a bug" -a
2013-04-02 16:20:38.425733	CMD:	git push origin master
2013-04-02 16:23:47.721888	GPUSH
2013-04-02 16:23:49.724701	CMD:	git status
2013-04-02 16:23:51.793519	CMD:	git add .
2013-04-02 16:23:53.853518	CMD:	git commit -m "fixing a bug" -a
2013-04-02 16:23:55.925116	CMD:	git push origin master
2013-04-02 16:26:49.242679	GPUSH
2013-04-02 16:26:51.245275	CMD:	git status
2013-04-02 16:26:53.323780	CMD:	git add .
2013-04-02 16:26:55.379232	CMD:	git commit -m "fixing a bug" -a
2013-04-02 16:26:57.453899	CMD:	git push origin master
2013-04-02 16:31:49.681558	GPUSH
2013-04-02 16:31:51.683921	CMD:	git status
2013-04-02 16:31:53.761667	CMD:	git add .
2013-04-02 16:31:55.858622	CMD:	git commit -m "fixing a bug" -a
2013-04-02 16:31:57.942528	CMD:	git push origin master
2013-04-02 16:33:07.042520	GPUSH
2013-04-02 16:33:09.045072	CMD:	git status
2013-04-02 16:33:11.124932	CMD:	git add .
2013-04-02 16:33:13.183984	CMD:	git commit -m "fixing a bug" -a
2013-04-02 16:33:15.255154	CMD:	git push origin master
2013-04-02 16:52:47.139713	GPUSH
2013-04-02 16:52:49.162311	CMD:	git status
2013-04-02 16:52:52.174515	CMD:	git add .
2013-04-02 16:52:54.242424	CMD:	git commit -m "fixing a bug" -a
2013-04-02 16:52:56.448936	CMD:	git push origin master
2013-04-02 21:32:15.769792	GPUSH
2013-04-02 21:32:17.784013	CMD:	git status
2013-04-02 21:32:21.780086	CMD:	git add .
2013-04-02 21:32:23.986342	CMD:	git commit -m "fixing a bug" -a
2013-04-02 21:32:26.187665	CMD:	git push origin master
2013-05-28 10:33:47.228562	GPUSH
2013-05-28 10:33:49.267061	CMD:	git status
2013-05-28 10:33:51.981007	CMD:	git add .
2013-05-28 10:33:54.087157	CMD:	git commit -m "updated the rss feed" -a
2013-05-28 10:33:56.378625	CMD:	git push origin master
2013-05-28 10:40:37.029581	GPUSH
2013-05-28 10:40:39.038935	CMD:	git status
2013-05-28 10:40:43.847179	CMD:	git add .
2013-05-28 10:40:45.953364	CMD:	git commit -m "updated the rss feed" -a
2013-05-28 10:40:48.193936	CMD:	git push origin master
2013-05-28 11:22:35.943313	GPUSH
2013-05-28 11:22:37.971308	CMD:	git status
2013-05-28 11:22:43.233081	CMD:	git add .
2013-05-28 11:22:45.303126	CMD:	git commit -m "updated the rss feed" -a
2013-05-28 11:22:47.569050	CMD:	git push origin master
